<?xml version="1.0" encoding="UTF-8"?>
<testsuite xmlns:xsi="http://www.w3.org/2001/XMLSchema-instance" xsi:noNamespaceSchemaLocation="https://maven.apache.org/surefire/maven-failsafe-plugin/xsd/failsafe-test-report.xsd" name="To implement the Web automated checks over DEMO ONLINE SHOP" time="60.82" tests="1" errors="0" skipped="0" failures="0">
  <properties>
[...]
</properties>
  <testcase name="Customer navigation through product categories: Phones, Laptops and Monitors" classname="To implement the Web automated checks over DEMO ONLINE SHOP" time="60.82"/>
</testsuite>